生成启动时间为 2013/3/29 12:11:08。
     1>项目“C:\D\Peripheral_Products\第三方接口\新接口\ExtSDK\KSFT_API4CSharp\KSFT\KSFT.vcxproj”在节点 2 上(rebuild 个目标)。
     1>_PrepareForClean:
         正在删除文件“Debug\KSFT.lastbuildstate”。
       InitializeBuildStatus:
         正在创建“Debug\KSFT.unsuccessfulbuild”，因为已指定“AlwaysCreate”。
       GenerateTargetFrameworkMonikerAttribute:
       正在跳过目标“GenerateTargetFrameworkMonikerAttribute”，因为所有输出文件相对于输入文件而言都是最新的。
       ClCompile:
         c:\Program Files\Microsoft Visual Studio 10.0\VC\bin\CL.exe /c /I..\KSFT_API /AI"C:\Program Files\Reference Assemblies\Microsoft\Framework\.NETFramework\v4.0" /Zi /clr /nologo /W3 /WX- /Od /Oy- /D WIN32 /D _DEBUG /D _WINDLL /D _UNICODE /D UNICODE /EHa /MDd /GS /fp:precise /Zc:wchar_t /Zc:forScope /Yc"StdAfx.h" /Fp"Debug\KSFT.pch" /Fo"Debug\\" /Fd"Debug\vc100.pdb" /doc"Debug\\" /TP /FU"C:\Program Files\Reference Assemblies\Microsoft\Framework\.NETFramework\v4.0\System.Core.dll" /FU"C:\Program Files\Reference Assemblies\Microsoft\Framework\.NETFramework\v4.0\System.dll" /analyze- /errorReport:prompt Stdafx.cpp /clr:nostdlib 
         Stdafx.cpp
         c:\Program Files\Microsoft Visual Studio 10.0\VC\bin\CL.exe /c /I..\KSFT_API /AI"C:\Program Files\Reference Assemblies\Microsoft\Framework\.NETFramework\v4.0" /Zi /clr /nologo /W3 /WX- /Od /Oy- /D WIN32 /D _DEBUG /D _WINDLL /D _UNICODE /D UNICODE /EHa /MDd /GS /fp:precise /Zc:wchar_t /Zc:forScope /Yu"StdAfx.h" /Fp"Debug\KSFT.pch" /Fo"Debug\\" /Fd"Debug\vc100.pdb" /doc"Debug\\" /TP /FU"C:\Program Files\Reference Assemblies\Microsoft\Framework\.NETFramework\v4.0\System.Core.dll" /FU"C:\Program Files\Reference Assemblies\Microsoft\Framework\.NETFramework\v4.0\System.dll" /analyze- /errorReport:prompt AssemblyInfo.cpp KSFT.cpp KSFTCosAdapter.cpp KSFTMDAdapter.cpp KSFTTraderAdapter.cpp Util.cpp /clr:nostdlib 
         AssemblyInfo.cpp
         KSFT.cpp
         KSFTCosAdapter.cpp
     1>c:\d\peripheral_products\第三方接口\新接口\extsdk\ksft_api4csharp\ksft\KSFTCosAdapter.h(37): warning C4633: XML 文档注释 应用于“KSFT.KSFTCosAdapter.Dispose”: 错误: “pszFlowPath”不是在此函数的声明中命名的参数。
     1>c:\d\peripheral_products\第三方接口\新接口\extsdk\ksft_api4csharp\ksft\KSFTCosAdapter.h(37): warning C4633: XML 文档注释 应用于“KSFT.KSFTCosAdapter.Dispose”: 错误: “bIsUsingUdp”不是在此函数的声明中命名的参数。
         KSFTMDAdapter.cpp
         KSFTTraderAdapter.cpp
     1>c:\d\peripheral_products\第三方接口\新接口\extsdk\ksft_api4csharp\ksft\KSFTCosAdapter.h(37): warning C4633: XML 文档注释 应用于“KSFT.KSFTCosAdapter.Dispose”: 错误: “pszFlowPath”不是在此函数的声明中命名的参数。
     1>c:\d\peripheral_products\第三方接口\新接口\extsdk\ksft_api4csharp\ksft\KSFTCosAdapter.h(37): warning C4633: XML 文档注释 应用于“KSFT.KSFTCosAdapter.Dispose”: 错误: “bIsUsingUdp”不是在此函数的声明中命名的参数。
     1>c:\d\peripheral_products\第三方接口\新接口\extsdk\ksft_api4csharp\ksft\TraderSpi.h(242): warning C4635: XML 文档注释 应用于“Native.CTraderSpi.OnRspQryInvestorPositionDetail(KingstarAPI.CThostFtdcInvestorPositionDetailField*,KingstarAPI.CThostFtdcRspInfoField*,System.Int32,System.Boolean)”: XML 格式不正确: 下列标记没有关闭: summary, summary。
         
     1>c:\d\peripheral_products\第三方接口\新接口\extsdk\ksft_api4csharp\ksft\TraderSpi.h(249): warning C4635: XML 文档注释 应用于“Native.CTraderSpi.OnRspQryNotice(KingstarAPI.CThostFtdcNoticeField*,KingstarAPI.CThostFtdcRspInfoField*,System.Int32,System.Boolean)”: XML 格式不正确: 结束标记 'sumarry' 与开始标记 'summary' 不匹配。
         
         Util.cpp
         正在生成代码...
         c:\Program Files\Microsoft Visual Studio 10.0\VC\bin\CL.exe /c /I..\KSFT_API /Zi /clr /nologo /W3 /WX- /Od /Oy- /D WIN32 /D _DEBUG /D _WINDLL /D _UNICODE /D UNICODE /EHa /MDd /GS /fp:precise /Zc:wchar_t /Zc:forScope /Fo"Debug\\" /Fd"Debug\vc100.pdb" /doc"Debug\\" /TP /analyze- /errorReport:prompt "C:\Users\meiping.jiang\AppData\Local\Temp\.NETFramework,Version=v4.0.AssemblyAttributes.cpp"
         .NETFramework,Version=v4.0.AssemblyAttributes.cpp
       ResourceCompile:
         C:\Program Files\Microsoft SDKs\Windows\v7.0A\bin\rc.exe /D _UNICODE /D UNICODE /l"0x0409" /nologo /fo"Debug\app.res" app.rc 
       Link:
         c:\Program Files\Microsoft Visual Studio 10.0\VC\bin\link.exe /ERRORREPORT:PROMPT /OUT:"C:\D\Peripheral_Products\第三方接口\新接口\ExtSDK\KSFT_API4CSharp\Debug\KSFT.dll" /INCREMENTAL /NOLOGO ..\KSFT_API\KSMarketDataAPI.lib ..\KSFT_API\KSTradeAPI.lib /MANIFEST /ManifestFile:"Debug\KSFT.dll.intermediate.manifest" /MANIFESTUAC:"level='asInvoker' uiAccess='false'" /DEBUG /PDB:"C:\D\Peripheral_Products\第三方接口\新接口\ExtSDK\KSFT_API4CSharp\Debug\KSFT.pdb" /ASSEMBLYDEBUG /TLBID:1 /DYNAMICBASE /FIXED:NO /NXCOMPAT /MACHINE:X86 /DLL Debug\app.res
         Debug\AssemblyInfo.obj
         Debug\KSFT.obj
         Debug\KSFTCosAdapter.obj
         Debug\KSFTMDAdapter.obj
         Debug\KSFTTraderAdapter.obj
         Debug\Stdafx.obj
         Debug\Util.obj
         "Debug\.NETFramework,Version=v4.0.AssemblyAttributes.obj"
         KSFT.vcxproj -> C:\D\Peripheral_Products\第三方接口\新接口\ExtSDK\KSFT_API4CSharp\Debug\KSFT.dll
       Manifest:
         C:\Program Files\Microsoft SDKs\Windows\v7.0A\bin\mt.exe /nologo /verbose /outputresource:"C:\D\Peripheral_Products\第三方接口\新接口\ExtSDK\KSFT_API4CSharp\Debug\KSFT.dll;#2" /manifest Debug\KSFT.dll.intermediate.manifest
       XdcMake:
         c:\Program Files\Microsoft Visual Studio 10.0\VC\bin\xdcmake.exe /old "KSFT" /nologo /Fo"C:\D\Peripheral_Products\第三方接口\新接口\ExtSDK\KSFT_API4CSharp\Debug\KSFT.xml" /FsDebug\AssemblyInfo.xdc /FsDebug\KSFT.xdc /FsDebug\KSFTCosAdapter.xdc /FsDebug\KSFTMDAdapter.xdc /FsDebug\KSFTTraderAdapter.xdc /FsDebug\Stdafx.xdc /FsDebug\Util.xdc /Fs"Debug\.NETFramework,Version=v4.0.AssemblyAttributes.xdc"
       FinalizeBuildStatus:
         正在删除文件“Debug\KSFT.unsuccessfulbuild”。
         正在对“Debug\KSFT.lastbuildstate”执行 Touch 任务。
     1>已完成生成项目“C:\D\Peripheral_Products\第三方接口\新接口\ExtSDK\KSFT_API4CSharp\KSFT\KSFT.vcxproj”(rebuild 个目标)的操作。

生成成功。

已用时间 00:01:00.42
